----------------------------------------------------------------------------------------------------
------------------------------------ MegaLinter, by OX Security ------------------------------------
----------------------------------------------------------------------------------------------------
 - Image Creation Date: 2024-02-11T21:46:52Z
 - Image Revision: 190cd0dad6dc52b2de5b810e3b290c3d6bdcc0f2
 - Image Version: v7.9.0
----------------------------------------------------------------------------------------------------
The MegaLinter documentation can be found at:
 - https://megalinter.io/7.9.0
----------------------------------------------------------------------------------------------------
::group::MegaLinter initialization (expand for details)
MegaLinter will analyze workspace [/github/workspace]
GITHUB_REPOSITORY: Entepotenz/jdownloader2-headless-docker-ng
GITHUB_REF: refs/pull/40/merge
GITHUB_RUN_ID: 8223415961


[Activation] ANSIBLE_ANSIBLE_LINT has been set inactive, as subdirectory has not been found: ansible (set value "any" to always activate)
[Activation] JAVASCRIPT_ES has been set inactive, as none of these files has been found: ['.eslintrc.json', '.eslintrc.yml', '.eslintrc.yaml', '.eslintrc.js', '.eslintrc.cjs', 'package.json:eslintConfig']
[Activation] JSON_NPM_PACKAGE_JSON_LINT has been set inactive, as none of these files has been found: ['package.json']
[Activation] JSX_ESLINT has been set inactive, as none of these files has been found: ['.eslintrc.json', '.eslintrc.yml', '.eslintrc.yaml', '.eslintrc.js', '.eslintrc.cjs', 'package.json:eslintConfig']
[Activation] KUBERNETES_KUBECONFORM has been set inactive, as subdirectory has not been found: kubernetes (set value "any" to always activate)
[Activation] KUBERNETES_HELM has been set inactive, as none of these files has been found: ['Chart.yml', 'Chart.yaml']
[Activation] KUBERNETES_KUBESCAPE has been set inactive, as none of these files has been found: ['Chart.yml', 'Chart.yaml']
[SemgrepLinter] Deactivated because no ruleset has been defined
[Activation] SALESFORCE_SFDX_SCANNER_APEX has been set inactive, as subdirectory has not been found: force-app (set value "any" to always activate)
[Activation] SALESFORCE_SFDX_SCANNER_AURA has been set inactive, as subdirectory has not been found: force-app (set value "any" to always activate)
[Activation] SALESFORCE_SFDX_SCANNER_LWC has been set inactive, as subdirectory has not been found: force-app (set value "any" to always activate)
[Activation] SALESFORCE_LIGHTNING_FLOW_SCANNER has been set inactive, as subdirectory has not been found: force-app (set value "any" to always activate)
[Activation] SPELL_PROSELINT has been set inactive, as none of these files has been found: ['.proselintrc', 'proselint/config.json']
[Activation] SPELL_VALE has been set inactive, as none of these files has been found: ['.vale.ini']
[Activation] SQL_SQLFLUFF has been set inactive, as none of these files has been found: ['.sqlfluff']
[Activation] SWIFT_SWIFTLINT has been set inactive, as none of these files has been found: ['.swiftlint.yml']
[Activation] TSX_ESLINT has been set inactive, as none of these files has been found: ['.eslintrc.json', '.eslintrc.yml', '.eslintrc.yaml', '.eslintrc.js', '.eslintrc.cjs', 'package.json:eslintConfig']
[Activation] TYPESCRIPT_ES has been set inactive, as none of these files has been found: ['.eslintrc.json', '.eslintrc.yml', '.eslintrc.yaml', '.eslintrc.js', '.eslintrc.cjs', 'package.json:eslintConfig']
CLOJURE_CLJSTYLE has been temporary disabled in MegaLinter, please use a previous MegaLinter version or wait for the next one !
MARKDOWN_REMARK_LINT has been temporary disabled in MegaLinter, please use a previous MegaLinter version or wait for the next one !
Skipped linters: ANSIBLE_ANSIBLE_LINT, CLOJURE_CLJSTYLE, JAVASCRIPT_ES, JAVASCRIPT_PRETTIER, JSON_NPM_PACKAGE_JSON_LINT, JSX_ESLINT, KUBERNETES_HELM, KUBERNETES_KUBECONFORM, KUBERNETES_KUBESCAPE, MARKDOWN_REMARK_LINT, REPOSITORY_SEMGREP, SALESFORCE_LIGHTNING_FLOW_SCANNER, SALESFORCE_SFDX_SCANNER_APEX, SALESFORCE_SFDX_SCANNER_AURA, SALESFORCE_SFDX_SCANNER_LWC, SPELL_PROSELINT, SPELL_VALE, SQL_SQLFLUFF, SWIFT_SWIFTLINT, TSX_ESLINT, TYPESCRIPT_ES, TYPESCRIPT_PRETTIER
To receive reports as email, please set variable EMAIL_REPORTER_EMAIL
::endgroup::
::group::MegaLinter now collects the files to analyse (expand for details)
Listing all files in directory [/github/workspace], then filter with:
- File extensions: , *, .R, .RMD, .Rmd, .bash, .bicep, .c, .c++, .cc, .cdxml, .clj, .cljc, .cljs, .coffee, .cpp, .cs, .csproj, .css, .cu, .cuh, .cxx, .dart, .dash, .edn, .env, .feature, .go, .gradle, .graphql, .groovy, .gvy, .h, .h++, .hcl, .hh, .hpp, .htm, .html, .hxx, .java, .js, .json, .json5, .jsonc, .ksh, .kt, .kts, .lua, .markdown, .md, .mdx, .nf, .p6, .php, .pl, .pl6, .pm, .pm6, .pp, .proto, .ps1, .ps1xml, .psd1, .psm1, .psrc, .pssc, .py, .r, .raku, .rakumod, .rakutest, .rb, .rs, .rst, .saas, .scala, .scss, .sh, .smk, .sql, .t, .tex, .tf, .ts, .txt, .vb, .xml, .yaml, .yml
- File names (regex): Containerfile, Dockerfile, Jenkinsfile, Makefile, Snakefile
- Excluding .gitignored files [0]: 
Kept [90] files on [90] found files
MegaLinter flavor [ci_light] doesn't contain linters ACTION_ACTIONLINT,BASH_EXEC,EDITORCONFIG_EDITORCONFIG_CHECKER,MARKDOWN_MARKDOWNLINT,MARKDOWN_MARKDOWN_LINK_CHECK,MARKDOWN_MARKDOWN_TABLE_FORMATTER,REPOSITORY_CHECKOV,REPOSITORY_DEVSKIM,REPOSITORY_DUSTILOCK,REPOSITORY_KICS,REPOSITORY_SYFT,SPELL_CSPELL,SPELL_LYCHEE.
As they're not available in this docker image, they will not be processed
To solve this problem, please either: 
- use default flavor oxsecurity/megalinter
- add ignored linters in DISABLE or DISABLE_LINTERS variables in your .mega-linter.yml config file located in your root directory
- ignore this message by setting config variable FLAVOR_SUGGESTIONS to false

+----MATCHING LINTERS--------------+--------------------------+----------------+------------+
| Descriptor | Linter              | Criteria                 | Matching files | Format/Fix |
+------------+---------------------+--------------------------+----------------+------------+
| BASH       | shellcheck          | .sh|.bash|.dash|.ksh     | 5              | no         |
| BASH       | shfmt               | .sh|.bash|.dash|.ksh     | 5              | yes        |
| COPYPASTE  | jscpd               |                          | project        | no         |
| DOCKERFILE | hadolint            | Containerfile|Dockerfile | 1              | no         |
| JSON       | jsonlint            | .json                    | 2              | no         |
| JSON       | eslint-plugin-jsonc | .json|.json5|.jsonc      | 2              | yes        |
| JSON       | v8r                 | .json                    | 2              | no         |
| JSON       | prettier            | .json                    | 2              | yes        |
| REPOSITORY | git_diff            |                          | project        | no         |
| REPOSITORY | gitleaks            |                          | project        | no         |
| REPOSITORY | grype               |                          | project        | no         |
| REPOSITORY | secretlint          |                          | project        | no         |
| REPOSITORY | trivy               |                          | project        | no         |
| REPOSITORY | trivy-sbom          |                          | project        | no         |
| REPOSITORY | trufflehog          |                          | project        | no         |
| YAML       | prettier            | .yml|.yaml               | 12             | yes        |
| YAML       | yamllint            | .yml|.yaml               | 12             | no         |
| YAML       | v8r                 | .yml|.yaml               | 12             | no         |
+------------+---------------------+--------------------------+----------------+------------+
::endgroup::
Processing linters on [4] parallel cores…
::group::[32m✅ Linted [BASH] files with [shfmt] successfully - (0.03s)[0m (expand for details)
- Using [shfmt v3.8.0] https://megalinter.io/7.9.0/descriptors/bash_shfmt
- MegaLinter key: [BASH_SHFMT]
- Rules config: identified by [shfmt]
- Number of files analyzed: [5]
::endgroup::
::group::[32m✅ Linted [YAML] files with [prettier] successfully - (0.81s)[0m (expand for details)
- Using [prettier v3.2.5] https://megalinter.io/7.9.0/descriptors/yaml_prettier
- MegaLinter key: [YAML_PRETTIER]
- Rules config: identified by [prettier]
- Number of files analyzed: [12]
::endgroup::
::group::[32m✅ Linted [COPYPASTE] files with [jscpd] successfully - (1.33s)[0m (expand for details)
- Using [jscpd v3.5.10] https://megalinter.io/7.9.0/descriptors/copypaste_jscpd
- MegaLinter key: [COPYPASTE_JSCPD]
- Rules config: [.jscpd.json]
::endgroup::
::group::[32m✅ Linted [JSON] files with [eslint-plugin-jsonc] successfully - (1.26s)[0m (expand for details)
- Using [eslint-plugin-jsonc v2.13.0] https://megalinter.io/7.9.0/descriptors/json_eslint_plugin_jsonc
- MegaLinter key: [JSON_ESLINT_PLUGIN_JSONC]
- Rules config: [.eslintrc-json.json]
- Number of files analyzed: [2]
::endgroup::
::group::[32m✅ Linted [REPOSITORY] files with [secretlint] successfully - (1.04s)[0m (expand for details)
- Using [secretlint v8.1.1] https://megalinter.io/7.9.0/descriptors/repository_secretlint
- MegaLinter key: [REPOSITORY_SECRETLINT]
- Rules config: [.secretlintrc.json]
- Ignore file: [.secretlintignore]
::endgroup::
::group::[32m✅ Linted [JSON] files with [v8r] successfully - (2.21s)[0m (expand for details)
- Using [v8r v3.0.0] https://megalinter.io/7.9.0/descriptors/json_v8r
- MegaLinter key: [JSON_V8R]
- Rules config: identified by [v8r]
- Number of files analyzed: [2]
::endgroup::
::group::[32m✅ Linted [JSON] files with [prettier] successfully - (0.5s)[0m (expand for details)
- Using [prettier v3.2.5] https://megalinter.io/7.9.0/descriptors/json_prettier
- MegaLinter key: [JSON_PRETTIER]
- Rules config: identified by [prettier]
- Number of files analyzed: [2]
::endgroup::
::group::[32m✅ Linted [YAML] files with [v8r] successfully - (5.76s)[0m (expand for details)
- Using [v8r v3.0.0] https://megalinter.io/7.9.0/descriptors/yaml_v8r
- MegaLinter key: [YAML_V8R]
- Rules config: identified by [v8r]
- Number of files analyzed: [12]
::endgroup::
::group::[32m✅ Linted [REPOSITORY] files with [trivy] successfully - (5.4s)[0m (expand for details)
- Using [trivy v0.49.1] https://megalinter.io/7.9.0/descriptors/repository_trivy
- MegaLinter key: [REPOSITORY_TRIVY]
- Rules config: identified by [trivy]
::endgroup::
::group::[32m✅ Linted [REPOSITORY] files with [trivy-sbom] successfully - (5.19s)[0m (expand for details)
- Using [trivy-sbom v0.49.1] https://megalinter.io/7.9.0/descriptors/repository_trivy_sbom
- MegaLinter key: [REPOSITORY_TRIVY_SBOM]
- Rules config: identified by [trivy-sbom]
::endgroup::
::group::[32m✅ Linted [BASH] files with [shellcheck] successfully - (0.06s)[0m (expand for details)
- Using [shellcheck v0.9.0] https://megalinter.io/7.9.0/descriptors/bash_shellcheck
- MegaLinter key: [BASH_SHELLCHECK]
- Rules config: identified by [shellcheck]
- Number of files analyzed: [5]
::endgroup::
::group::[32m✅ Linted [DOCKERFILE] files with [hadolint] successfully - (0.13s)[0m (expand for details)
- Using [hadolint v2.12.0] https://megalinter.io/7.9.0/descriptors/dockerfile_hadolint
- MegaLinter key: [DOCKERFILE_HADOLINT]
- Rules config: [/github/workspace/.github/linters/.hadolint.yaml]
- Number of files analyzed: [1]
::endgroup::
::group::[32m✅ Linted [REPOSITORY] files with [gitleaks] successfully - (0.12s)[0m (expand for details)
- Using [gitleaks v8.18.2] https://megalinter.io/7.9.0/descriptors/repository_gitleaks
- MegaLinter key: [REPOSITORY_GITLEAKS]
- Rules config: [.gitleaks.toml]
::endgroup::
::group::[32m✅ Linted [JSON] files with [jsonlint] successfully - (0.21s)[0m (expand for details)
- Using [jsonlint v14.0.3] https://megalinter.io/7.9.0/descriptors/json_jsonlint
- MegaLinter key: [JSON_JSONLINT]
- Rules config: identified by [jsonlint]
- Number of files analyzed: [2]
::endgroup::
::group::[32m✅ Linted [REPOSITORY] files with [git_diff] successfully - (0.01s)[0m (expand for details)
- Using [git_diff v2.43.0] https://megalinter.io/7.9.0/descriptors/repository_git_diff
- MegaLinter key: [REPOSITORY_GIT_DIFF]
- Rules config: identified by [git_diff]
::endgroup::
::group::[32m✅ Linted [YAML] files with [yamllint] successfully - (0.34s)[0m (expand for details)
- Using [yamllint v1.34.0] https://megalinter.io/7.9.0/descriptors/yaml_yamllint
- MegaLinter key: [YAML_YAMLLINT]
- Rules config: [.yamllint.yml]
- Number of files analyzed: [12]
::endgroup::
::group::[32m✅ Linted [REPOSITORY] files with [grype] successfully - (10.01s)[0m (expand for details)
- Using [grype v0.74.5] https://megalinter.io/7.9.0/descriptors/repository_grype
- MegaLinter key: [REPOSITORY_GRYPE]
- Rules config: [.grype.yaml]
::endgroup::
::group::[32m✅ Linted [REPOSITORY] files with [trufflehog] successfully - (6.17s)[0m (expand for details)
- Using [trufflehog v3.69.0] https://megalinter.io/7.9.0/descriptors/repository_trufflehog
- MegaLinter key: [REPOSITORY_TRUFFLEHOG]
- Rules config: identified by [trufflehog]
::endgroup::

+----SUMMARY----+---------------------+---------------+-------+-------+--------+--------------+
| Descriptor    | Linter              | Mode          | Files | Fixed | Errors | Elapsed time |
+---------------+---------------------+---------------+-------+-------+--------+--------------+
| ✅ BASH       | shellcheck          | list_of_files |     5 |       |      0 |        0.06s |
| ✅ BASH       | shfmt               | list_of_files |     5 |     5 |      0 |        0.03s |
| ✅ COPYPASTE  | jscpd               | project       |   n/a |       |      0 |        1.33s |
| ✅ DOCKERFILE | hadolint            | list_of_files |     1 |       |      0 |        0.13s |
| ✅ JSON       | eslint-plugin-jsonc | list_of_files |     2 |     0 |      0 |        1.26s |
| ✅ JSON       | jsonlint            | list_of_files |     2 |       |      0 |        0.21s |
| ✅ JSON       | prettier            | list_of_files |     2 |     1 |      0 |         0.5s |
| ✅ JSON       | v8r                 | list_of_files |     2 |       |      0 |        2.21s |
| ✅ REPOSITORY | gitleaks            | project       |   n/a |       |      0 |        0.12s |
| ✅ REPOSITORY | git_diff            | project       |   n/a |       |      0 |        0.01s |
| ✅ REPOSITORY | grype               | project       |   n/a |       |      0 |       10.01s |
| ✅ REPOSITORY | secretlint          | project       |   n/a |       |      0 |        1.04s |
| ✅ REPOSITORY | trivy               | project       |   n/a |       |      0 |         5.4s |
| ✅ REPOSITORY | trivy-sbom          | project       |   n/a |       |      0 |        5.19s |
| ✅ REPOSITORY | trufflehog          | project       |   n/a |       |      0 |        6.17s |
| ✅ YAML       | prettier            | list_of_files |    12 |     1 |      0 |        0.81s |
| ✅ YAML       | v8r                 | list_of_files |    12 |       |      0 |        5.76s |
| ✅ YAML       | yamllint            | list_of_files |    12 |       |      0 |        0.34s |
+---------------+---------------------+---------------+-------+-------+--------+--------------+

[Updated Sources Reporter] copied 7 fixed source files in folder /github/workspace/megalinter-reports/updated_sources.
Download it from artifacts then copy-paste it in your local repo to apply linters updates
[GitHub Comment Reporter] Posted summary as comment on Entepotenz/jdownloader2-headless-docker-ng #PR40
[32m✅ Successfully linted all files without errors[0m
